<?xml version="1.0" encoding="utf-8"?>
<TestRun id="b44b9ad4-b7c5-4d03-b7c2-164bf70cb2c8" name="verna@VITO 2026-02-19 00:22:51" runUser="VITO\verna" xmlns="http://microsoft.com/schemas/VisualStudio/TeamTest/2010">
  <Times creation="2026-02-19T00:22:51.8861723+01:00" queuing="2026-02-19T00:22:51.8861725+01:00" start="2026-02-19T00:22:50.9905253+01:00" finish="2026-02-19T00:22:51.8942104+01:00" />
  <TestSettings name="default" id="fdfcd4db-50c8-4d1a-8e98-19de12c0811a">
    <Deployment runDeploymentRoot="verna_VITO_2026-02-19_00_22_51" />
  </TestSettings>
  <Results>
    <UnitTestResult executionId="3ccde0fe-ae6c-45d6-a562-f055bce7e260" testId="5e3740a1-5e70-3f58-d52d-189daca3cb71" testName="Should_Return_401_On_Expired_Token" computerName="VITO" duration="00:00:00.0398779" startTime="2026-02-19T00:22:51.7713200+01:00" endTime="2026-02-19T00:22:51.8111974+01:00" testType="13cdc9d9-ddb5-4fa4-a97d-d965ccfc6d4b" outcome="Failed" testListId="8c84fa94-04c1-424b-9868-57a2d4851a1d" relativeResultsDirectory="3ccde0fe-ae6c-45d6-a562-f055bce7e260">
      <Output>
        <ErrorInfo>
          <Message>System.Net.Http.HttpRequestException : Il nome richiesto è valido, non sono stati trovati dati del tipo richiesto. (qa.api.example.com:443)&#xD;
  ----&gt; System.Net.Sockets.SocketException : Il nome richiesto è valido, non sono stati trovati dati del tipo richiesto.</Message>
          <StackTrace>   at System.Net.Http.HttpConnectionPool.ConnectToTcpHostAsync(String host, Int32 port, HttpRequestMessage initialRequest, Boolean async, CancellationToken cancellationToken)&#xD;
   at System.Net.Http.HttpConnectionPool.ConnectAsync(HttpRequestMessage request, Boolean async, CancellationToken cancellationToken)&#xD;
   at System.Net.Http.HttpConnectionPool.CreateHttp11ConnectionAsync(HttpRequestMessage request, Boolean async, CancellationToken cancellationToken)&#xD;
   at System.Net.Http.HttpConnectionPool.AddHttp11ConnectionAsync(QueueItem queueItem)&#xD;
   at System.Threading.Tasks.TaskCompletionSourceWithCancellation`1.WaitWithCancellationAsync(CancellationToken cancellationToken)&#xD;
   at System.Net.Http.HttpConnectionPool.SendWithVersionDetectionAndRetryAsync(HttpRequestMessage request, Boolean async, Boolean doRequestAuth, CancellationToken cancellationToken)&#xD;
   at System.Net.Http.RedirectHandler.SendAsync(HttpRequestMessage request, Boolean async, CancellationToken cancellationToken)&#xD;
   at System.Net.Http.HttpClient.&lt;SendAsync&gt;g__Core|83_0(HttpRequestMessage request, HttpCompletionOption completionOption, CancellationTokenSource cts, Boolean disposeCts, CancellationTokenSource pendingRequestsCts, CancellationToken originalCancellationToken)&#xD;
   at ApiTests.Features.Onboarding.Onboarding_401_Tests.Should_Return_401_On_Expired_Token() in C:\Users\verna\Desktop\Prove_AutomationTesting_BE\Prove.AutomationTesting.BE\Prove.AutomationTesting.BE\Features\Onboarding\Onboarding_401_Tests.cs:line 28&#xD;
   at ApiTests.Features.Onboarding.Onboarding_401_Tests.Should_Return_401_On_Expired_Token() in C:\Users\verna\Desktop\Prove_AutomationTesting_BE\Prove.AutomationTesting.BE\Prove.AutomationTesting.BE\Features\Onboarding\Onboarding_401_Tests.cs:line 34&#xD;
   at NUnit.Framework.Internal.TaskAwaitAdapter.GenericAdapter`1.BlockUntilCompleted()&#xD;
   at NUnit.Framework.Internal.MessagePumpStrategy.NoMessagePumpStrategy.WaitForCompletion(AwaitAdapter awaiter)&#xD;
   at NUnit.Framework.Internal.AsyncToSyncAdapter.Await(Func`1 invoke)&#xD;
   at NUnit.Framework.Internal.Commands.TestMethodCommand.RunTestMethod(TestExecutionContext context)&#xD;
   at NUnit.Framework.Internal.Commands.TestMethodCommand.Execute(TestExecutionContext context)&#xD;
   at NUnit.Framework.Internal.Commands.BeforeAndAfterTestCommand.&lt;&gt;c__DisplayClass1_0.&lt;Execute&gt;b__0()&#xD;
   at NUnit.Framework.Internal.Commands.DelegatingTestCommand.RunTestMethodInThreadAbortSafeZone(TestExecutionContext context, Action action)&#xD;
--SocketException&#xD;
   at System.Net.Sockets.Socket.AwaitableSocketAsyncEventArgs.ThrowException(SocketError error, CancellationToken cancellationToken)&#xD;
   at System.Net.Sockets.Socket.AwaitableSocketAsyncEventArgs.System.Threading.Tasks.Sources.IValueTaskSource.GetResult(Int16 token)&#xD;
   at System.Net.Sockets.Socket.&lt;ConnectAsync&gt;g__WaitForConnectWithCancellation|285_0(AwaitableSocketAsyncEventArgs saea, ValueTask connectTask, CancellationToken cancellationToken)&#xD;
   at System.Net.Http.HttpConnectionPool.ConnectToTcpHostAsync(String host, Int32 port, HttpRequestMessage initialRequest, Boolean async, CancellationToken cancellationToken)
</StackTrace>
        </ErrorInfo>
      </Output>
    </UnitTestResult>
    <UnitTestResult executionId="943fec89-1453-4a62-ac3a-ba529d204770" testId="d87c8762-c47e-763b-0e64-72dd56828c50" testName="Should_Return_200_On_Valid_Request" computerName="VITO" duration="00:00:00.0752030" startTime="2026-02-19T00:22:51.6944240+01:00" endTime="2026-02-19T00:22:51.7695775+01:00" testType="13cdc9d9-ddb5-4fa4-a97d-d965ccfc6d4b" outcome="Passed" testListId="8c84fa94-04c1-424b-9868-57a2d4851a1d" relativeResultsDirectory="943fec89-1453-4a62-ac3a-ba529d204770">
      <Output>
        <StdOut>Stub: implementa request reale e assert.</StdOut>
      </Output>
    </UnitTestResult>
  </Results>
  <TestDefinitions>
    <UnitTest name="Should_Return_401_On_Expired_Token" storage="c:\users\verna\desktop\prove_automationtesting_be\prove.automationtesting.be\prove.automationtesting.be\bin\release\net8.0\prove.automationtesting.be.dll" id="5e3740a1-5e70-3f58-d52d-189daca3cb71">
      <Execution id="3ccde0fe-ae6c-45d6-a562-f055bce7e260" />
      <TestMethod codeBase="C:\Users\verna\Desktop\Prove_AutomationTesting_BE\Prove.AutomationTesting.BE\Prove.AutomationTesting.BE\bin\Release\net8.0\Prove.AutomationTesting.BE.dll" adapterTypeName="executor://nunit3testexecutor/" className="ApiTests.Features.Onboarding.Onboarding_401_Tests" name="Should_Return_401_On_Expired_Token" />
    </UnitTest>
    <UnitTest name="Should_Return_200_On_Valid_Request" storage="c:\users\verna\desktop\prove_automationtesting_be\prove.automationtesting.be\prove.automationtesting.be\bin\release\net8.0\prove.automationtesting.be.dll" id="d87c8762-c47e-763b-0e64-72dd56828c50">
      <Execution id="943fec89-1453-4a62-ac3a-ba529d204770" />
      <TestMethod codeBase="C:\Users\verna\Desktop\Prove_AutomationTesting_BE\Prove.AutomationTesting.BE\Prove.AutomationTesting.BE\bin\Release\net8.0\Prove.AutomationTesting.BE.dll" adapterTypeName="executor://nunit3testexecutor/" className="ApiTests.Features.Onboarding.Onboarding_200_Tests" name="Should_Return_200_On_Valid_Request" />
    </UnitTest>
  </TestDefinitions>
  <TestEntries>
    <TestEntry testId="5e3740a1-5e70-3f58-d52d-189daca3cb71" executionId="3ccde0fe-ae6c-45d6-a562-f055bce7e260" testListId="8c84fa94-04c1-424b-9868-57a2d4851a1d" />
    <TestEntry testId="d87c8762-c47e-763b-0e64-72dd56828c50" executionId="943fec89-1453-4a62-ac3a-ba529d204770" testListId="8c84fa94-04c1-424b-9868-57a2d4851a1d" />
  </TestEntries>
  <TestLists>
    <TestList name="Risultati non in elenco" id="8c84fa94-04c1-424b-9868-57a2d4851a1d" />
    <TestList name="Tutti i risultati caricati" id="19431567-8539-422a-85d7-44ee4e166bda" />
  </TestLists>
  <ResultSummary outcome="Failed">
    <Counters total="2" executed="2" passed="1" failed="1" error="0" timeout="0" aborted="0" inconclusive="0" passedButRunAborted="0" notRunnable="0" notExecuted="0" disconnected="0" warning="0" completed="0" inProgress="0" pending="0" />
    <Output>
      <StdOut>NUnit Adapter 4.6.0.0: Test execution started&#xD;
Running all tests in C:\Users\verna\Desktop\Prove_AutomationTesting_BE\Prove.AutomationTesting.BE\Prove.AutomationTesting.BE\bin\Release\net8.0\Prove.AutomationTesting.BE.dll&#xD;
   NUnit3TestExecutor discovered 2 of 2 NUnit test cases using Current Discovery mode, Non-Explicit run&#xD;
Should_Return_200_On_Valid_Request: Stub: implementa request reale e assert.&#xD;
NUnit Adapter 4.6.0.0: Test execution complete&#xD;
</StdOut>
    </Output>
  </ResultSummary>
</TestRun>